::1 - - [11/Jan/2021:15:03:38 +0000] "POST /init HTTP/1.1" 200 27 "-" "PostmanRuntime/7.26.8"
::1 - - [11/Jan/2021:15:05:05 +0000] "POST /ledger/init HTTP/1.1" 200 462 "-" "PostmanRuntime/7.26.8"
::1 - - [11/Jan/2021:15:11:06 +0000] "POST /ledger/init HTTP/1.1" 200 605 "-" "PostmanRuntime/7.26.8"
::1 - - [11/Jan/2021:15:12:53 +0000] "POST /ledger/init HTTP/1.1" 200 605 "-" "PostmanRuntime/7.26.8"
::1 - - [11/Jan/2021:15:15:55 +0000] "POST /ledger/init HTTP/1.1" 200 1231 "-" "PostmanRuntime/7.26.8"
::1 - - [11/Jan/2021:15:17:15 +0000] "POST /ledger/createPolicy HTTP/1.1" 500 129 "-" "PostmanRuntime/7.26.8"
::1 - - [11/Jan/2021:15:21:36 +0000] "POST /ledger/init HTTP/1.1" 200 605 "-" "PostmanRuntime/7.26.8"
::1 - - [11/Jan/2021:15:22:28 +0000] "POST /ledger/init HTTP/1.1" 200 605 "-" "PostmanRuntime/7.26.8"
::1 - - [11/Jan/2021:15:25:51 +0000] "POST /ledger/createPolicy HTTP/1.1" 500 52 "-" "PostmanRuntime/7.26.8"
::1 - - [11/Jan/2021:15:26:10 +0000] "POST /ledger/createPolicy HTTP/1.1" 500 52 "-" "PostmanRuntime/7.26.8"
::1 - - [11/Jan/2021:16:07:09 +0000] "POST /ledger/init HTTP/1.1" 200 1231 "-" "PostmanRuntime/7.26.8"
::1 - - [11/Jan/2021:16:07:42 +0000] "POST /ledger/createPolicy HTTP/1.1" 200 371 "-" "PostmanRuntime/7.26.8"
::1 - - [11/Jan/2021:16:08:20 +0000] "POST /ledger/readPolicy HTTP/1.1" 200 1529 "-" "PostmanRuntime/7.26.8"
::1 - - [11/Jan/2021:16:10:24 +0000] "POST /ledger/updatePolicy HTTP/1.1" 200 370 "-" "PostmanRuntime/7.26.8"
::1 - - [11/Jan/2021:16:10:47 +0000] "POST /ledger/readPolicy HTTP/1.1" 200 1528 "-" "PostmanRuntime/7.26.8"
::1 - - [11/Jan/2021:16:11:53 +0000] "POST /ledger/readPolicy HTTP/1.1" 200 1528 "-" "PostmanRuntime/7.26.8"
::1 - - [12/Jan/2021:10:31:45 +0000] "POST /ledger/init HTTP/1.1" 200 1231 "-" "PostmanRuntime/7.26.8"
::1 - - [12/Jan/2021:10:32:04 +0000] "POST /ledger/createPolicy HTTP/1.1" 200 371 "-" "PostmanRuntime/7.26.8"
::1 - - [12/Jan/2021:10:32:15 +0000] "POST /ledger/readPolicy HTTP/1.1" 200 341 "-" "PostmanRuntime/7.26.8"
::1 - - [12/Jan/2021:10:32:39 +0000] "POST /ledger/updatePolicy HTTP/1.1" 200 370 "-" "PostmanRuntime/7.26.8"
::1 - - [12/Jan/2021:10:32:44 +0000] "POST /ledger/readPolicy HTTP/1.1" 200 340 "-" "PostmanRuntime/7.26.8"
::1 - - [12/Jan/2021:10:33:09 +0000] "POST /ledger/readPolicyLedger HTTP/1.1" 200 1528 "-" "PostmanRuntime/7.26.8"
::1 - - [12/Jan/2021:10:36:00 +0000] "POST /enroll/ HTTP/1.1" 200 52 "-" "PostmanRuntime/7.26.8"
::1 - - [12/Jan/2021:10:51:13 +0000] "POST /ledger/init HTTP/1.1" 200 641 "-" "PostmanRuntime/7.26.8"
::1 - - [12/Jan/2021:12:02:03 +0000] "POST /ledger/init HTTP/1.1" - - "-" "PostmanRuntime/7.26.8"
::1 - - [12/Jan/2021:12:35:32 +0000] "POST /ledger/init HTTP/1.1" 200 1231 "-" "PostmanRuntime/7.26.8"
::1 - - [12/Jan/2021:12:35:52 +0000] "POST /ledger/createPolicy HTTP/1.1" 200 371 "-" "PostmanRuntime/7.26.8"
::1 - - [12/Jan/2021:12:36:02 +0000] "POST /ledger/readPolicy HTTP/1.1" 200 341 "-" "PostmanRuntime/7.26.8"
::1 - - [12/Jan/2021:12:36:14 +0000] "POST /ledger/updatePolicy HTTP/1.1" 200 370 "-" "PostmanRuntime/7.26.8"
::1 - - [12/Jan/2021:12:36:19 +0000] "POST /ledger/readPolicyLedger HTTP/1.1" 200 1528 "-" "PostmanRuntime/7.26.8"
::1 - - [12/Jan/2021:12:36:36 +0000] "POST /enroll/ HTTP/1.1" 200 52 "-" "PostmanRuntime/7.26.8"
::1 - - [12/Jan/2021:12:37:21 +0000] "POST /ledger/createPolicy HTTP/1.1" 200 372 "-" "PostmanRuntime/7.26.8"
::1 - - [12/Jan/2021:12:37:28 +0000] "POST /ledger/readPolicyLedger HTTP/1.1" 200 1894 "-" "PostmanRuntime/7.26.8"
::1 - - [13/Jan/2021:12:29:46 +0000] "POST /ledger/init HTTP/1.1" 200 1231 "-" "PostmanRuntime/7.26.8"
::1 - - [13/Jan/2021:12:30:12 +0000] "POST /ledger/readPolicyLedger HTTP/1.1" 200 1165 "-" "PostmanRuntime/7.26.8"
::1 - - [13/Jan/2021:12:30:51 +0000] "POST /ledger/createPolicy HTTP/1.1" 200 371 "-" "PostmanRuntime/7.26.8"
::1 - - [13/Jan/2021:12:31:09 +0000] "POST /enroll/ HTTP/1.1" 200 52 "-" "PostmanRuntime/7.26.8"
::1 - - [13/Jan/2021:12:31:31 +0000] "POST /ledger/updatePolicy HTTP/1.1" 500 444 "-" "PostmanRuntime/7.26.8"
::1 - - [13/Jan/2021:12:31:50 +0000] "POST /ledger/updatePolicy HTTP/1.1" 200 370 "-" "PostmanRuntime/7.26.8"
::1 - - [18/Jan/2021:09:48:19 +0000] "POST /ledger/init HTTP/1.1" 200 1231 "-" "PostmanRuntime/7.26.8"
::1 - - [18/Jan/2021:10:26:55 +0000] "POST /ledger/readPolicyLedger HTTP/1.1" 200 1165 "-" "PostmanRuntime/7.26.8"
::1 - - [18/Jan/2021:10:27:24 +0000] "POST /ledger/createPolicy HTTP/1.1" 200 371 "-" "PostmanRuntime/7.26.8"
::1 - - [18/Jan/2021:10:27:30 +0000] "POST /ledger/readPolicyLedger HTTP/1.1" 200 1529 "-" "PostmanRuntime/7.26.8"
::1 - - [18/Jan/2021:10:27:50 +0000] "POST /enroll/ HTTP/1.1" 200 52 "-" "PostmanRuntime/7.26.8"
::1 - - [18/Jan/2021:10:28:28 +0000] "POST /ledger/updatePolicy HTTP/1.1" 500 444 "-" "PostmanRuntime/7.26.8"
::1 - - [18/Jan/2021:10:28:45 +0000] "POST /ledger/updatePolicy HTTP/1.1" 200 370 "-" "PostmanRuntime/7.26.8"
::1 - - [03/Feb/2021:13:09:41 +0000] "POST /ledger/init HTTP/1.1" 200 1370 "-" "PostmanRuntime/7.26.8"
::1 - - [03/Feb/2021:13:11:23 +0000] "POST /ledger/readPolicyLedger HTTP/1.1" 200 1304 "-" "PostmanRuntime/7.26.8"
::1 - - [03/Feb/2021:13:12:10 +0000] "POST /ledger/deletePolicy HTTP/1.1" 404 24 "-" "PostmanRuntime/7.26.8"
::1 - - [03/Feb/2021:13:21:20 +0000] "POST /ledger/init HTTP/1.1" 200 1370 "-" "PostmanRuntime/7.26.8"
::1 - - [03/Feb/2021:13:21:25 +0000] "POST /ledger/deletePolicy HTTP/1.1" 200 38 "-" "PostmanRuntime/7.26.8"
::1 - - [03/Feb/2021:13:21:37 +0000] "POST /ledger/readPolicyLedger HTTP/1.1" 200 1304 "-" "PostmanRuntime/7.26.8"
::1 - - [03/Feb/2021:13:21:42 +0000] "POST /ledger/readPolicyLedger HTTP/1.1" 200 1304 "-" "PostmanRuntime/7.26.8"
::1 - - [03/Feb/2021:13:22:52 +0000] "POST /ledger/transferPolicy HTTP/1.1" 500 58 "-" "PostmanRuntime/7.26.8"
::1 - - [03/Feb/2021:13:25:19 +0000] "POST /ledger/readPolicyLedger HTTP/1.1" 200 1304 "-" "PostmanRuntime/7.26.8"
::1 - - [03/Feb/2021:13:31:41 +0000] "POST /ledger/transferPolicy HTTP/1.1" 500 58 "-" "PostmanRuntime/7.26.8"
::1 - - [03/Feb/2021:13:32:48 +0000] "POST /ledger/transferPolicy HTTP/1.1" 200 38 "-" "PostmanRuntime/7.26.8"
::1 - - [03/Feb/2021:13:32:55 +0000] "POST /ledger/readPolicyLedger HTTP/1.1" 200 1304 "-" "PostmanRuntime/7.26.8"
::1 - - [03/Feb/2021:13:33:19 +0000] "POST /ledger/updatePolicy HTTP/1.1" 200 432 "-" "PostmanRuntime/7.26.8"
::1 - - [03/Feb/2021:13:33:24 +0000] "POST /ledger/readPolicyLedger HTTP/1.1" 200 1287 "-" "PostmanRuntime/7.26.8"
::1 - - [03/Feb/2021:13:54:50 +0000] "POST /ledger/deletePolicy HTTP/1.1" 200 38 "-" "PostmanRuntime/7.26.8"
::1 - - [03/Feb/2021:13:55:48 +0000] "POST /ledger/updatePolicy HTTP/1.1" 200 432 "-" "PostmanRuntime/7.26.8"
::1 - - [03/Feb/2021:14:18:06 +0000] "POST /ledger/deletePolicy HTTP/1.1" 200 38 "-" "PostmanRuntime/7.26.8"
::1 - - [03/Feb/2021:14:18:12 +0000] "POST /ledger/readPolicyLedger HTTP/1.1" 200 862 "-" "PostmanRuntime/7.26.8"
::1 - - [03/Feb/2021:14:23:51 +0000] "POST /ledger/deletePolicy HTTP/1.1" 500 380 "-" "PostmanRuntime/7.26.8"
::1 - - [03/Feb/2021:14:25:02 +0000] "POST /ledger/transferPolicy HTTP/1.1" 500 54 "-" "PostmanRuntime/7.26.8"
::1 - - [03/Feb/2021:14:25:44 +0000] "POST /ledger/transferPolicy HTTP/1.1" 500 54 "-" "PostmanRuntime/7.26.8"
::1 - - [03/Feb/2021:14:25:48 +0000] "POST /ledger/readPolicyLedger HTTP/1.1" 200 865 "-" "PostmanRuntime/7.26.8"
::1 - - [03/Feb/2021:14:26:57 +0000] "POST /ledger/createPolicy HTTP/1.1" 200 433 "-" "PostmanRuntime/7.26.8"
::1 - - [03/Feb/2021:14:30:11 +0000] "POST /ledger/transferPolicy HTTP/1.1" 200 17 "-" "PostmanRuntime/7.26.8"
::1 - - [03/Feb/2021:14:30:18 +0000] "POST /ledger/readPolicyLedger HTTP/1.1" 200 1286 "-" "PostmanRuntime/7.26.8"
::1 - - [03/Feb/2021:14:31:52 +0000] "POST /ledger/deletePolicy HTTP/1.1" 200 38 "-" "PostmanRuntime/7.26.8"
::1 - - [03/Feb/2021:14:31:56 +0000] "POST /ledger/readPolicyLedger HTTP/1.1" 200 865 "-" "PostmanRuntime/7.26.8"
::1 - - [03/Feb/2021:14:34:28 +0000] "POST /ledger/readPolicy HTTP/1.1" 500 116 "-" "PostmanRuntime/7.26.8"
::1 - - [03/Feb/2021:14:38:12 +0000] "POST /ledger/readPolicy HTTP/1.1" 200 409 "-" "PostmanRuntime/7.26.8"
::1 - - [03/Feb/2021:14:41:43 +0000] "POST /ledger/deletePolicy HTTP/1.1" 200 15 "-" "PostmanRuntime/7.26.8"
::1 - - [03/Feb/2021:14:41:47 +0000] "POST /ledger/readPolicyLedger HTTP/1.1" 200 433 "-" "PostmanRuntime/7.26.8"
::1 - - [03/Feb/2021:14:43:49 +0000] "POST /ledger/transferPolicy HTTP/1.1" 200 17 "-" "PostmanRuntime/7.26.8"
::1 - - [03/Feb/2021:14:43:55 +0000] "POST /ledger/readPolicyLedger HTTP/1.1" 200 436 "-" "PostmanRuntime/7.26.8"
